# JRE version: Java(TM) SE Runtime Environment (8.0_60-b27) (build 1.8.0_60-b27)
# Java VM: Java HotSpot(TM) 64-Bit Server VM (25.60-b23 mixed mode windows-amd64 compressed oops)
Heap:
 PSYoungGen      total 223232K, used 131657K [0x00000000eac00000, 0x00000000fc880000, 0x0000000100000000)
  eden space 209408K, 56% used [0x00000000eac00000,0x00000000f1f5f0b8,0x00000000f7880000)
  from space 13824K, 97% used [0x00000000fbb00000,0x00000000fc833478,0x00000000fc880000)
  to   space 17920K, 0% used [0x00000000fa580000,0x00000000fa580000,0x00000000fb700000)
 ParOldGen       total 78336K, used 48836K [0x00000000c0400000, 0x00000000c5080000, 0x00000000eac00000)
  object space 78336K, 62% used [0x00000000c0400000,0x00000000c33b1098,0x00000000c5080000)
 Metaspace       used 6959K, capacity 7299K, committed 7424K, reserved 1056768K
  class space    used 631K, capacity 656K, committed 768K, reserved 1048576K
GC Heap History (10 events):
Event: 4.425 GC heap before
{Heap before GC invocations=11 (full 0):
 PSYoungGen      total 111104K, used 111094K [0x00000000eac00000, 0x00000000f2600000, 0x0000000100000000)
  eden space 101888K, 100% used [0x00000000eac00000,0x00000000f0f80000,0x00000000f0f80000)
  from space 9216K, 99% used [0x00000000f1a00000,0x00000000f22fdb80,0x00000000f2300000)
  to   space 10752K, 0% used [0x00000000f0f80000,0x00000000f0f80000,0x00000000f1a00000)
 ParOldGen       total 44032K, used 13836K [0x00000000c0400000, 0x00000000c2f00000, 0x00000000eac00000)
  object space 44032K, 31% used [0x00000000c0400000,0x00000000c1183138,0x00000000c2f00000)
 Metaspace       used 6920K, capacity 7299K, committed 7424K, reserved 1056768K
  class space    used 631K, capacity 656K, committed 768K, reserved 1048576K
Event: 4.442 GC heap after
Heap after GC invocations=11 (full 0):
 PSYoungGen      total 112640K, used 8383K [0x00000000eac00000, 0x00000000f6180000, 0x0000000100000000)
  eden space 101888K, 0% used [0x00000000eac00000,0x00000000eac00000,0x00000000f0f80000)
  from space 10752K, 77% used [0x00000000f0f80000,0x00000000f17affa8,0x00000000f1a00000)
  to   space 11264K, 0% used [0x00000000f5680000,0x00000000f5680000,0x00000000f6180000)
 ParOldGen       total 44032K, used 22374K [0x00000000c0400000, 0x00000000c2f00000, 0x00000000eac00000)
  object space 44032K, 50% used [0x00000000c0400000,0x00000000c19d9968,0x00000000c2f00000)
 Metaspace       used 6920K, capacity 7299K, committed 7424K, reserved 1056768K
  class space    used 631K, capacity 656K, committed 768K, reserved 1048576K
}
Event: 5.086 GC heap before
{Heap before GC invocations=12 (full 0):
 PSYoungGen      total 112640K, used 110271K [0x00000000eac00000, 0x00000000f6180000, 0x0000000100000000)
  eden space 101888K, 100% used [0x00000000eac00000,0x00000000f0f80000,0x00000000f0f80000)
  from space 10752K, 77% used [0x00000000f0f80000,0x00000000f17affa8,0x00000000f1a00000)
  to   space 11264K, 0% used [0x00000000f5680000,0x00000000f5680000,0x00000000f6180000)
 ParOldGen       total 44032K, used 22374K [0x00000000c0400000, 0x00000000c2f00000, 0x00000000eac00000)
  object space 44032K, 50% used [0x00000000c0400000,0x00000000c19d9968,0x00000000c2f00000)
 Metaspace       used 6920K, capacity 7299K, committed 7424K, reserved 1056768K
  class space    used 631K, capacity 656K, committed 768K, reserved 1048576K
Event: 5.101 GC heap after
Heap after GC invocations=12 (full 0):
 PSYoungGen      total 174080K, used 8357K [0x00000000eac00000, 0x00000000f6280000, 0x0000000100000000)
  eden space 162816K, 0% used [0x00000000eac00000,0x00000000eac00000,0x00000000f4b00000)
  from space 11264K, 74% used [0x00000000f5680000,0x00000000f5ea9630,0x00000000f6180000)
  to   space 11776K, 0% used [0x00000000f4b00000,0x00000000f4b00000,0x00000000f5680000)
 ParOldGen       total 44032K, used 29719K [0x00000000c0400000, 0x00000000c2f00000, 0x00000000eac00000)
  object space 44032K, 67% used [0x00000000c0400000,0x00000000c2105cc0,0x00000000c2f00000)
 Metaspace       used 6920K, capacity 7299K, committed 7424K, reserved 1056768K
  class space    used 631K, capacity 656K, committed 768K, reserved 1048576K
}
Event: 6.154 GC heap before
{Heap before GC invocations=13 (full 0):
 PSYoungGen      total 174080K, used 171173K [0x00000000eac00000, 0x00000000f6280000, 0x0000000100000000)
  eden space 162816K, 100% used [0x00000000eac00000,0x00000000f4b00000,0x00000000f4b00000)
  from space 11264K, 74% used [0x00000000f5680000,0x00000000f5ea9630,0x00000000f6180000)
  to   space 11776K, 0% used [0x00000000f4b00000,0x00000000f4b00000,0x00000000f5680000)
 ParOldGen       total 44032K, used 29719K [0x00000000c0400000, 0x00000000c2f00000, 0x00000000eac00000)
  object space 44032K, 67% used [0x00000000c0400000,0x00000000c2105cc0,0x00000000c2f00000)
 Metaspace       used 6934K, capacity 7299K, committed 7424K, reserved 1056768K
  class space    used 631K, capacity 656K, committed 768K, reserved 1048576K
Event: 6.173 GC heap after
Heap after GC invocations=13 (full 0):
 PSYoungGen      total 174592K, used 11751K [0x00000000eac00000, 0x00000000fcb80000, 0x0000000100000000)
  eden space 162816K, 0% used [0x00000000eac00000,0x00000000eac00000,0x00000000f4b00000)
  from space 11776K, 99% used [0x00000000f4b00000,0x00000000f5679c50,0x00000000f5680000)
  to   space 16896K, 0% used [0x00000000fbb00000,0x00000000fbb00000,0x00000000fcb80000)
 ParOldGen       total 44032K, used 38572K [0x00000000c0400000, 0x00000000c2f00000, 0x00000000eac00000)
  object space 44032K, 87% used [0x00000000c0400000,0x00000000c29ab2f0,0x00000000c2f00000)
 Metaspace       used 6934K, capacity 7299K, committed 7424K, reserved 1056768K
  class space    used 631K, capacity 656K, committed 768K, reserved 1048576K
}
Event: 6.173 GC heap before
{Heap before GC invocations=14 (full 1):
 PSYoungGen      total 174592K, used 11751K [0x00000000eac00000, 0x00000000fcb80000, 0x0000000100000000)
  eden space 162816K, 0% used [0x00000000eac00000,0x00000000eac00000,0x00000000f4b00000)
  from space 11776K, 99% used [0x00000000f4b00000,0x00000000f5679c50,0x00000000f5680000)
  to   space 16896K, 0% used [0x00000000fbb00000,0x00000000fbb00000,0x00000000fcb80000)
 ParOldGen       total 44032K, used 38572K [0x00000000c0400000, 0x00000000c2f00000, 0x00000000eac00000)
  object space 44032K, 87% used [0x00000000c0400000,0x00000000c29ab2f0,0x00000000c2f00000)
 Metaspace       used 6934K, capacity 7299K, committed 7424K, reserved 1056768K
  class space    used 631K, capacity 656K, committed 768K, reserved 1048576K
Event: 6.325 GC heap after
Heap after GC invocations=14 (full 1):
 PSYoungGen      total 174592K, used 5065K [0x00000000eac00000, 0x00000000fcb80000, 0x0000000100000000)
  eden space 162816K, 0% used [0x00000000eac00000,0x00000000eac00000,0x00000000f4b00000)
  from space 11776K, 43% used [0x00000000f4b00000,0x00000000f4ff24b8,0x00000000f5680000)
  to   space 16896K, 0% used [0x00000000fbb00000,0x00000000fbb00000,0x00000000fcb80000)
 ParOldGen       total 78336K, used 43708K [0x00000000c0400000, 0x00000000c5080000, 0x00000000eac00000)
  object space 78336K, 55% used [0x00000000c0400000,0x00000000c2eaf098,0x00000000c5080000)
 Metaspace       used 6934K, capacity 7299K, committed 7424K, reserved 1056768K
  class space    used 631K, capacity 656K, committed 768K, reserved 1048576K
}
Event: 7.386 GC heap before
{Heap before GC invocations=15 (full 1):
 PSYoungGen      total 174592K, used 167881K [0x00000000eac00000, 0x00000000fcb80000, 0x0000000100000000)
  eden space 162816K, 100% used [0x00000000eac00000,0x00000000f4b00000,0x00000000f4b00000)
  from space 11776K, 43% used [0x00000000f4b00000,0x00000000f4ff24b8,0x00000000f5680000)
  to   space 16896K, 0% used [0x00000000fbb00000,0x00000000fbb00000,0x00000000fcb80000)
 ParOldGen       total 78336K, used 43708K [0x00000000c0400000, 0x00000000c5080000, 0x00000000eac00000)
  object space 78336K, 55% used [0x00000000c0400000,0x00000000c2eaf098,0x00000000c5080000)
 Metaspace       used 6959K, capacity 7299K, committed 7424K, reserved 1056768K
  class space    used 631K, capacity 656K, committed 768K, reserved 1048576K
Event: 7.414 GC heap after
Heap after GC invocations=15 (full 1):
 PSYoungGen      total 223232K, used 13517K [0x00000000eac00000, 0x00000000fc880000, 0x0000000100000000)
  eden space 209408K, 0% used [0x00000000eac00000,0x00000000eac00000,0x00000000f7880000)
  from space 13824K, 97% used [0x00000000fbb00000,0x00000000fc833478,0x00000000fc880000)
  to   space 17920K, 0% used [0x00000000fa580000,0x00000000fa580000,0x00000000fb700000)
 ParOldGen       total 78336K, used 48836K [0x00000000c0400000, 0x00000000c5080000, 0x00000000eac00000)
  object space 78336K, 62% used [0x00000000c0400000,0x00000000c33b1098,0x00000000c5080000)
 Metaspace       used 6959K, capacity 7299K, committed 7424K, reserved 1056768K
  class space    used 631K, capacity 656K, committed 768K, reserved 1048576K
}

